<?xml version="1.0" encoding="UTF-8"?>
<!-- Generated by org.testng.reporters.JUnitXMLReporter -->
<testsuite ignored="0" hostname="DESKTOP-0RGL27L" failures="9" tests="38" name="Test" time="301.043" errors="0" timestamp="2022-04-18T01:45:33 IST">
  <testcase classname="offlineWebsite.TestCases1LoginPage" name="checkTitle" time="0.029">
    <failure type="java.lang.AssertionError" message="expected [javabykiran] but found [JavaByKiran | Log in]">
      <![CDATA[java.lang.AssertionError: expected [javabykiran] but found [JavaByKiran | Log in]
at offlineWebsite.TestCases1LoginPage.checkTitle(TestCases1LoginPage.java:30)
at java.base/java.util.ArrayList.forEach(ArrayList.java:1511)
... Removed 33 stack frames]]>
    </failure>
  </testcase> <!-- checkTitle -->
  <testcase classname="offlineWebsite.TestCases1LoginPage" name="checkText1" time="0.068"/>
  <testcase classname="offlineWebsite.TestCases1LoginPage" name="checkText2" time="0.054"/>
  <testcase classname="offlineWebsite.TestCases1LoginPage" name="checkText3" time="0.05"/>
  <testcase classname="offlineWebsite.TestCases1LoginPage" name="CheckBlankUName" time="0.302">
    <failure type="java.lang.AssertionError" message="expected [blank not allowed] but found [Please enter email.]">
      <![CDATA[java.lang.AssertionError: expected [blank not allowed] but found [Please enter email.]
at offlineWebsite.TestCases1LoginPage.CheckBlankUName(TestCases1LoginPage.java:66)
at java.base/java.util.ArrayList.forEach(ArrayList.java:1511)
... Removed 33 stack frames]]>
    </failure>
  </testcase> <!-- CheckBlankUName -->
  <testcase classname="offlineWebsite.TestCases1LoginPage" name="CheckBlankPWord" time="0.291">
    <failure type="java.lang.AssertionError" message="expected [blank not allowed] but found [Please enter password.]">
      <![CDATA[java.lang.AssertionError: expected [blank not allowed] but found [Please enter password.]
at offlineWebsite.TestCases1LoginPage.CheckBlankPWord(TestCases1LoginPage.java:76)
at java.base/java.util.ArrayList.forEach(ArrayList.java:1511)
... Removed 33 stack frames]]>
    </failure>
  </testcase> <!-- CheckBlankPWord -->
  <testcase classname="offlineWebsite.TestCases1LoginPage" name="CheckSpecialCharUName" time="0.473">
    <failure type="java.lang.AssertionError" message="expected [alphabets only allowed] but found [Please enter email as kiran@gmail.com]">
      <![CDATA[java.lang.AssertionError: expected [alphabets only allowed] but found [Please enter email as kiran@gmail.com]
at offlineWebsite.TestCases1LoginPage.CheckSpecialCharUName(TestCases1LoginPage.java:86)
at java.base/java.util.ArrayList.forEach(ArrayList.java:1511)
... Removed 33 stack frames]]>
    </failure>
  </testcase> <!-- CheckSpecialCharUName -->
  <testcase classname="offlineWebsite.TestCases1LoginPage" name="CheckSpecialCharPWord" time="0.379">
    <failure type="java.lang.AssertionError" message="expected [alphabets only allowed] but found [Please enter password 123456]">
      <![CDATA[java.lang.AssertionError: expected [alphabets only allowed] but found [Please enter password 123456]
at offlineWebsite.TestCases1LoginPage.CheckSpecialCharPWord(TestCases1LoginPage.java:96)
at java.base/java.util.ArrayList.forEach(ArrayList.java:1511)
... Removed 33 stack frames]]>
    </failure>
  </testcase> <!-- CheckSpecialCharPWord -->
  <testcase classname="offlineWebsite.TestCases1LoginPage" name="CheckLogin" time="1.906"/>
  <testcase classname="offlineWebsite.TestCases1LoginPage" name="CheckHypLinkTextRegiNew" time="0.057"/>
  <testcase classname="offlineWebsite.TestCases1LoginPage" name="CheckHypLinkClick" time="0.237">
    <failure type="java.lang.AssertionError" message="expected [JavaByKiran | Registration page] but found [JavaByKiran | Registration Page]">
      <![CDATA[java.lang.AssertionError: expected [JavaByKiran | Registration page] but found [JavaByKiran | Registration Page]
at offlineWebsite.TestCases1LoginPage.CheckHypLinkClick(TestCases1LoginPage.java:120)
at java.base/java.util.ArrayList.forEach(ArrayList.java:1511)
... Removed 33 stack frames]]>
    </failure>
  </testcase> <!-- CheckHypLinkClick -->
  <testcase classname="offlineWebsite.TestCases2RegisterNewMember" name="checkText1" time="0.044"/>
  <testcase classname="offlineWebsite.TestCases2RegisterNewMember" name="checkText2" time="0.048"/>
  <testcase classname="offlineWebsite.TestCases2RegisterNewMember" name="checkTextBoxAvailability" time="0.129"/>
  <testcase classname="offlineWebsite.TestCases2RegisterNewMember" name="checkBlankInput" time="0.547"/>
  <testcase classname="offlineWebsite.TestCases2RegisterNewMember" name="checkSplCharInput" time="0.871">
    <failure type="org.openqa.selenium.UnhandledAlertException" message="unexpected alert open: {Alert text : User registered successfully.}
  (Session info: chrome=100.0.4896.88): User registered successfully.
Build info: version: &amp;apos;3.141.59&amp;apos;, revision: &amp;apos;e82be7d358&amp;apos;, time: &amp;apos;2018-11-14T08:25:53&amp;apos;
System info: host: &amp;apos;DESKTOP-0RGL27L&amp;apos;, ip: &amp;apos;192.168.43.223&amp;apos;, os.name: &amp;apos;Windows 10&amp;apos;, os.arch: &amp;apos;amd64&amp;apos;, os.version: &amp;apos;10.0&amp;apos;, java.version: &amp;apos;17.0.1&amp;apos;
Driver info: org.openqa.selenium.chrome.ChromeDriver
Capabilities {acceptInsecureCerts: false, browserName: chrome, browserVersion: 100.0.4896.88, chrome: {chromedriverVersion: 99.0.4844.51 (d537ec02474b5..., userDataDir: C:\Users\SAM\AppData\Local\...}, goog:chromeOptions: {debuggerAddress: localhost:53258}, javascriptEnabled: true, networkConnectionEnabled: false, pageLoadStrategy: normal, platform: WINDOWS, platformName: WINDOWS, proxy: Proxy(), setWindowRect: true, strictFileInteractability: false, timeouts: {implicit: 0, pageLoad: 300000, script: 30000}, unhandledPromptBehavior: dismiss and notify, webauthn:extension:credBlob: true, webauthn:extension:largeBlob: true, webauthn:virtualAuthenticators: true}
Session ID: 4b7ae494e215cf926de4671d9853b5d5
*** Element info: {Using=xpath, value=//*[@id=&amp;quot;name_error&amp;quot;]}">
      <![CDATA[org.openqa.selenium.UnhandledAlertException: unexpected alert open: {Alert text : User registered successfully.}
  (Session info: chrome=100.0.4896.88): User registered successfully.
Build info: version: '3.141.59', revision: 'e82be7d358', time: '2018-11-14T08:25:53'
System info: host: 'DESKTOP-0RGL27L', ip: '192.168.43.223', os.name: 'Windows 10', os.arch: 'amd64', os.version: '10.0', java.version: '17.0.1'
Driver info: org.openqa.selenium.chrome.ChromeDriver
Capabilities {acceptInsecureCerts: false, browserName: chrome, browserVersion: 100.0.4896.88, chrome: {chromedriverVersion: 99.0.4844.51 (d537ec02474b5..., userDataDir: C:\Users\SAM\AppData\Local\...}, goog:chromeOptions: {debuggerAddress: localhost:53258}, javascriptEnabled: true, networkConnectionEnabled: false, pageLoadStrategy: normal, platform: WINDOWS, platformName: WINDOWS, proxy: Proxy(), setWindowRect: true, strictFileInteractability: false, timeouts: {implicit: 0, pageLoad: 300000, script: 30000}, unhandledPromptBehavior: dismiss and notify, webauthn:extension:credBlob: true, webauthn:extension:largeBlob: true, webauthn:virtualAuthenticators: true}
Session ID: 4b7ae494e215cf926de4671d9853b5d5
*** Element info: {Using=xpath, value=//*[@id="name_error"]}
at org.openqa.selenium.remote.http.W3CHttpResponseCodec.decode(W3CHttpResponseCodec.java:120)
at org.openqa.selenium.remote.http.W3CHttpResponseCodec.decode(W3CHttpResponseCodec.java:49)
at org.openqa.selenium.remote.HttpCommandExecutor.execute(HttpCommandExecutor.java:158)
at org.openqa.selenium.remote.service.DriverCommandExecutor.execute(DriverCommandExecutor.java:83)
at org.openqa.selenium.remote.RemoteWebDriver.execute(RemoteWebDriver.java:552)
at org.openqa.selenium.remote.RemoteWebDriver.findElement(RemoteWebDriver.java:323)
at org.openqa.selenium.remote.RemoteWebDriver.findElementByXPath(RemoteWebDriver.java:428)
at org.openqa.selenium.By$ByXPath.findElement(By.java:353)
at org.openqa.selenium.remote.RemoteWebDriver.findElement(RemoteWebDriver.java:315)
at offlineWebsite.TestCases2RegisterNewMember.checkSplCharInput(TestCases2RegisterNewMember.java:85)
at java.base/java.util.ArrayList.forEach(ArrayList.java:1511)
... Removed 27 stack frames]]>
    </failure>
  </testcase> <!-- checkSplCharInput -->
  <testcase classname="offlineWebsite.TestCases2RegisterNewMember" name="checkSignIn" time="0.701"/>
  <testcase classname="offlineWebsite.TestCases2RegisterNewMember" name="checkSignInButtonText" time="0.045"/>
  <testcase classname="offlineWebsite.TestCases2RegisterNewMember" name="checkHyperlinkText" time="0.037"/>
  <testcase classname="offlineWebsite.TestCases2RegisterNewMember" name="checkHyperLinkClick" time="0.222"/>
  <testcase classname="offlineWebsite.TestCases3Dashboard" name="CheckMainMenuClick" time="1.638"/>
  <testcase classname="offlineWebsite.TestCases3Dashboard" name="CheckDashBoardMenu" time="0.123"/>
  <testcase classname="offlineWebsite.TestCases3Dashboard" name="CheckSubHeading" time="0.119"/>
  <testcase classname="offlineWebsite.TestCases3Dashboard" name="CheckTextCopyRight" time="0.039"/>
  <testcase classname="offlineWebsite.TestCases3Dashboard" name="CheckTextDesign" time="0.045"/>
  <testcase classname="offlineWebsite.TestCases3Dashboard" name="CheckTextHeader" time="0.035"/>
  <testcase classname="offlineWebsite.TestCases3Dashboard" name="CheckDownloadsClick" time="0.344"/>
  <testcase classname="offlineWebsite.TestCases3Dashboard" name="CheckUsefulLinkClick" time="0.326"/>
  <testcase classname="offlineWebsite.TestCases4UsersPage" name="sendKeysAlert" time="0.138"/>
  <testcase classname="offlineWebsite.TestCases4UsersPage" name="checkUsersClick" time="0.005"/>
  <testcase classname="offlineWebsite.TestCases4UsersPage" name="checkUserTableHeader" time="0.603"/>
  <testcase classname="offlineWebsite.TestCases4UsersPage" name="checkUserTableData" time="0.583"/>
  <testcase classname="offlineWebsite.TestCases4UsersPage" name="checkDeleteButton" time="0.125"/>
  <testcase classname="offlineWebsite.TestCases4UsersPage" name="checkMobNumberLength" time="0.042"/>
  <testcase classname="offlineWebsite.TestCases4UsersPage" name="check_AtTheRate_InMailId" time="0.044"/>
  <testcase classname="offlineWebsite.TestCases5AddUserPage" name="CheckblankSubmit" time="0.366">
    <failure type="org.openqa.selenium.NoSuchElementException" message="no such element: Unable to locate element: {&amp;quot;method&amp;quot;:&amp;quot;xpath&amp;quot;,&amp;quot;selector&amp;quot;:&amp;quot;//*[text()=&amp;apos;Please fill out this field.&amp;apos;]&amp;quot;}
  (Session info: chrome=100.0.4896.88)
For documentation on this error, please visit: https://www.seleniumhq.org/exceptions/no_such_element.html
Build info: version: &amp;apos;3.141.59&amp;apos;, revision: &amp;apos;e82be7d358&amp;apos;, time: &amp;apos;2018-11-14T08:25:53&amp;apos;
System info: host: &amp;apos;DESKTOP-0RGL27L&amp;apos;, ip: &amp;apos;192.168.43.223&amp;apos;, os.name: &amp;apos;Windows 10&amp;apos;, os.arch: &amp;apos;amd64&amp;apos;, os.version: &amp;apos;10.0&amp;apos;, java.version: &amp;apos;17.0.1&amp;apos;
Driver info: org.openqa.selenium.chrome.ChromeDriver
Capabilities {acceptInsecureCerts: false, browserName: chrome, browserVersion: 100.0.4896.88, chrome: {chromedriverVersion: 99.0.4844.51 (d537ec02474b5..., userDataDir: C:\Users\SAM\AppData\Local\...}, goog:chromeOptions: {debuggerAddress: localhost:53867}, javascriptEnabled: true, networkConnectionEnabled: false, pageLoadStrategy: normal, platform: WINDOWS, platformName: WINDOWS, proxy: Proxy(), setWindowRect: true, strictFileInteractability: false, timeouts: {implicit: 0, pageLoad: 300000, script: 30000}, unhandledPromptBehavior: dismiss and notify, webauthn:extension:credBlob: true, webauthn:extension:largeBlob: true, webauthn:virtualAuthenticators: true}
Session ID: d79f7a3a1d8cf85b8ce8eeb24a429178
*** Element info: {Using=xpath, value=//*[text()=&amp;apos;Please fill out this field.&amp;apos;]}">
      <![CDATA[org.openqa.selenium.NoSuchElementException: no such element: Unable to locate element: {"method":"xpath","selector":"//*[text()='Please fill out this field.']"}
  (Session info: chrome=100.0.4896.88)
For documentation on this error, please visit: https://www.seleniumhq.org/exceptions/no_such_element.html
Build info: version: '3.141.59', revision: 'e82be7d358', time: '2018-11-14T08:25:53'
System info: host: 'DESKTOP-0RGL27L', ip: '192.168.43.223', os.name: 'Windows 10', os.arch: 'amd64', os.version: '10.0', java.version: '17.0.1'
Driver info: org.openqa.selenium.chrome.ChromeDriver
Capabilities {acceptInsecureCerts: false, browserName: chrome, browserVersion: 100.0.4896.88, chrome: {chromedriverVersion: 99.0.4844.51 (d537ec02474b5..., userDataDir: C:\Users\SAM\AppData\Local\...}, goog:chromeOptions: {debuggerAddress: localhost:53867}, javascriptEnabled: true, networkConnectionEnabled: false, pageLoadStrategy: normal, platform: WINDOWS, platformName: WINDOWS, proxy: Proxy(), setWindowRect: true, strictFileInteractability: false, timeouts: {implicit: 0, pageLoad: 300000, script: 30000}, unhandledPromptBehavior: dismiss and notify, webauthn:extension:credBlob: true, webauthn:extension:largeBlob: true, webauthn:virtualAuthenticators: true}
Session ID: d79f7a3a1d8cf85b8ce8eeb24a429178
*** Element info: {Using=xpath, value=//*[text()='Please fill out this field.']}
at org.openqa.selenium.remote.http.W3CHttpResponseCodec.createException(W3CHttpResponseCodec.java:187)
at org.openqa.selenium.remote.http.W3CHttpResponseCodec.decode(W3CHttpResponseCodec.java:122)
at org.openqa.selenium.remote.http.W3CHttpResponseCodec.decode(W3CHttpResponseCodec.java:49)
at org.openqa.selenium.remote.HttpCommandExecutor.execute(HttpCommandExecutor.java:158)
at org.openqa.selenium.remote.service.DriverCommandExecutor.execute(DriverCommandExecutor.java:83)
at org.openqa.selenium.remote.RemoteWebDriver.execute(RemoteWebDriver.java:552)
at org.openqa.selenium.remote.RemoteWebDriver.findElement(RemoteWebDriver.java:323)
at org.openqa.selenium.remote.RemoteWebDriver.findElementByXPath(RemoteWebDriver.java:428)
at org.openqa.selenium.By$ByXPath.findElement(By.java:353)
at org.openqa.selenium.remote.RemoteWebDriver.findElement(RemoteWebDriver.java:315)
at offlineWebsite.TestCases5AddUserPage.CheckblankSubmit(TestCases5AddUserPage.java:35)
at java.base/java.util.ArrayList.forEach(ArrayList.java:1511)
... Removed 32 stack frames]]>
    </failure>
  </testcase> <!-- CheckblankSubmit -->
  <testcase classname="offlineWebsite.TestCases5AddUserPage" name="CheckCharInMobile" time="0.383"/>
  <testcase classname="offlineWebsite.TestCases5AddUserPage" name="CheckIntegerInUsername" time="0.423">
    <failure type="org.openqa.selenium.NoSuchElementException" message="no such element: Unable to locate element: {&amp;quot;method&amp;quot;:&amp;quot;xpath&amp;quot;,&amp;quot;selector&amp;quot;:&amp;quot;//*[text()=&amp;apos;Number Not Allowed&amp;apos;]&amp;quot;}
  (Session info: chrome=100.0.4896.88)
For documentation on this error, please visit: https://www.seleniumhq.org/exceptions/no_such_element.html
Build info: version: &amp;apos;3.141.59&amp;apos;, revision: &amp;apos;e82be7d358&amp;apos;, time: &amp;apos;2018-11-14T08:25:53&amp;apos;
System info: host: &amp;apos;DESKTOP-0RGL27L&amp;apos;, ip: &amp;apos;192.168.43.223&amp;apos;, os.name: &amp;apos;Windows 10&amp;apos;, os.arch: &amp;apos;amd64&amp;apos;, os.version: &amp;apos;10.0&amp;apos;, java.version: &amp;apos;17.0.1&amp;apos;
Driver info: org.openqa.selenium.chrome.ChromeDriver
Capabilities {acceptInsecureCerts: false, browserName: chrome, browserVersion: 100.0.4896.88, chrome: {chromedriverVersion: 99.0.4844.51 (d537ec02474b5..., userDataDir: C:\Users\SAM\AppData\Local\...}, goog:chromeOptions: {debuggerAddress: localhost:53927}, javascriptEnabled: true, networkConnectionEnabled: false, pageLoadStrategy: normal, platform: WINDOWS, platformName: WINDOWS, proxy: Proxy(), setWindowRect: true, strictFileInteractability: false, timeouts: {implicit: 0, pageLoad: 300000, script: 30000}, unhandledPromptBehavior: dismiss and notify, webauthn:extension:credBlob: true, webauthn:extension:largeBlob: true, webauthn:virtualAuthenticators: true}
Session ID: 404a512e9052a998e0e50613c5759c83
*** Element info: {Using=xpath, value=//*[text()=&amp;apos;Number Not Allowed&amp;apos;]}">
      <![CDATA[org.openqa.selenium.NoSuchElementException: no such element: Unable to locate element: {"method":"xpath","selector":"//*[text()='Number Not Allowed']"}
  (Session info: chrome=100.0.4896.88)
For documentation on this error, please visit: https://www.seleniumhq.org/exceptions/no_such_element.html
Build info: version: '3.141.59', revision: 'e82be7d358', time: '2018-11-14T08:25:53'
System info: host: 'DESKTOP-0RGL27L', ip: '192.168.43.223', os.name: 'Windows 10', os.arch: 'amd64', os.version: '10.0', java.version: '17.0.1'
Driver info: org.openqa.selenium.chrome.ChromeDriver
Capabilities {acceptInsecureCerts: false, browserName: chrome, browserVersion: 100.0.4896.88, chrome: {chromedriverVersion: 99.0.4844.51 (d537ec02474b5..., userDataDir: C:\Users\SAM\AppData\Local\...}, goog:chromeOptions: {debuggerAddress: localhost:53927}, javascriptEnabled: true, networkConnectionEnabled: false, pageLoadStrategy: normal, platform: WINDOWS, platformName: WINDOWS, proxy: Proxy(), setWindowRect: true, strictFileInteractability: false, timeouts: {implicit: 0, pageLoad: 300000, script: 30000}, unhandledPromptBehavior: dismiss and notify, webauthn:extension:credBlob: true, webauthn:extension:largeBlob: true, webauthn:virtualAuthenticators: true}
Session ID: 404a512e9052a998e0e50613c5759c83
*** Element info: {Using=xpath, value=//*[text()='Number Not Allowed']}
at org.openqa.selenium.remote.http.W3CHttpResponseCodec.createException(W3CHttpResponseCodec.java:187)
at org.openqa.selenium.remote.http.W3CHttpResponseCodec.decode(W3CHttpResponseCodec.java:122)
at org.openqa.selenium.remote.http.W3CHttpResponseCodec.decode(W3CHttpResponseCodec.java:49)
at org.openqa.selenium.remote.HttpCommandExecutor.execute(HttpCommandExecutor.java:158)
at org.openqa.selenium.remote.service.DriverCommandExecutor.execute(DriverCommandExecutor.java:83)
at org.openqa.selenium.remote.RemoteWebDriver.execute(RemoteWebDriver.java:552)
at org.openqa.selenium.remote.RemoteWebDriver.findElement(RemoteWebDriver.java:323)
at org.openqa.selenium.remote.RemoteWebDriver.findElementByXPath(RemoteWebDriver.java:428)
at org.openqa.selenium.By$ByXPath.findElement(By.java:353)
at org.openqa.selenium.remote.RemoteWebDriver.findElement(RemoteWebDriver.java:315)
at offlineWebsite.TestCases5AddUserPage.CheckIntegerInUsername(TestCases5AddUserPage.java:43)
at java.base/java.util.ArrayList.forEach(ArrayList.java:1511)
... Removed 32 stack frames]]>
    </failure>
  </testcase> <!-- CheckIntegerInUsername -->
</testsuite> <!-- Test -->
